<?xml version="1.0" encoding="UTF-8"?>
<!-- Generated by org.testng.reporters.JUnitReportReporter -->
<testsuite skipped="0" hostname="JLT01621L" name="TestCases.LoginPageTest" tests="3" failures="0" timestamp="16 Apr 2018 11:41:09 GMT" time="43.339" errors="0">
  <testcase name="loginPageTitleTest" time="11.264" classname="TestCases.LoginPageTest"/>
  <testcase name="crmLogoImageTest" time="11.135" classname="TestCases.LoginPageTest"/>
  <testcase name="loginTest" time="20.940" classname="TestCases.LoginPageTest"/>
</testsuite> <!-- TestCases.LoginPageTest -->
